  Probe1.c
D:\University\lab-sem4-operating-systems\Laboratory-Report-1\Probe1\Probe1.c(1,1): warning C4005: '_CRT_SECURE_NO_WARNINGS': macro redefinition
  D:\University\lab-sem4-operating-systems\Laboratory-Report-1\Probe1\Probe1.c(1,1):
  '_CRT_SECURE_NO_WARNINGS' previously declared on the command line
  
D:\University\lab-sem4-operating-systems\Laboratory-Report-1\Probe1\Probe1.c(10,2): warning C4013: 'scanf_s' undefined; assuming extern returning int
D:\University\lab-sem4-operating-systems\Laboratory-Report-1\Probe1\Probe1.c(12,2): warning C4013: 'printf' undefined; assuming extern returning int
Probe1.obj : error LNK2001: unresolved external symbol scanf_s
Probe1.obj : error LNK2001: unresolved external symbol printf
D:\University\lab-sem4-operating-systems\Laboratory-Report-1\Probe1\x64\Release\Probe1.exe : fatal error LNK1120: 2 unresolved externals
